1: 697508
10: 564903
11: 1220389
12: 359951
13: 467659
14: 387239
15: 437465
16: 360923
17: 517566
18: 290506
19: 571665
2: 2787018
3: 547615
4: 589839
5: 562160
6: 510818
7: 1113183
8: 576463
9: 627488
MT: 202002
X: 317853
Y: 2247
JH584299.1: 3
GL456233.2: 656
GL456211.1: 6
GL456221.1: 4
GL456354.1: 1
GL456210.1: 5
GL456212.1: 4
JH584304.1: 294
GL456379.1: 2
GL456367.1: 3
GL456239.1: 1
GL456383.1: 1
MU069435.1: 5450
GL456389.1: 1
GL456370.1: 21
GL456390.1: 1
GL456382.1: 1
GL456396.1: 17
GL456368.1: 3
MU069434.1: 3
JH584295.1: 111
header_length: 65
total_reads: 18186410
incorrect_umi: 0
reads_retained: 13719048
	Command being timed: "./python-scripts/adler_deduper.py -f /projects/bgmp/jadler2/bioinfo/Bi624/Deduper-adler-sudo/sam-files/C1_SE_uniqAlign.sam -u /projects/bgmp/jadler2/bioinfo/Bi624/Deduper-adler-sudo/STL96.txt -o /projects/bgmp/jadler2/bioinfo/Bi624/Deduper-adler-sudo/sam-files/C1_SE_uniqAlign_deduped.sam"
	User time (seconds): 307.87
	System time (seconds): 7.11
	Percent of CPU this job got: 99%
	Elapsed (wall clock) time (h:mm:ss or m:ss): 5:16.10
	Average shared text size (kbytes): 0
	Average unshared data size (kbytes): 0
	Average stack size (kbytes): 0
	Average total size (kbytes): 0
	Maximum resident set size (kbytes): 2766452
	Average resident set size (kbytes): 0
	Major (requiring I/O) page faults: 0
	Minor (reclaiming a frame) page faults: 3261576
	Voluntary context switches: 1861
	Involuntary context switches: 952
	Swaps: 0
	File system inputs: 0
	File system outputs: 0
	Socket messages sent: 0
	Socket messages received: 0
	Signals delivered: 0
	Page size (bytes): 4096
	Exit status: 0
