Paired end SAM file indicated.
1: 715050
10: 574164
11: 1261705
12: 371078
13: 476841
14: 396614
15: 446433
16: 364974
17: 522723
18: 292176
19: 592542
2: 2991292
3: 556968
4: 602622
5: 569600
6: 527053
7: 1152590
8: 588794
9: 647768
MT: 227404
X: 326659
Y: 2118
JH584299.1: 1
GL456233.2: 660
GL456211.1: 9
GL456221.1: 3
JH584297.1: 3
GL456354.1: 5
GL456210.1: 4
GL456212.1: 3
JH584304.1: 399
GL456367.1: 2
MU069435.1: 5481
GL456370.1: 21
GL456382.1: 2
GL456396.1: 2
GL456368.1: 4
MU069434.1: 5
JH584295.1: 97
header_length: 65
total_reads: 36867854
incorrect_umi: 0
reads_retained: 14213869
	Command being timed: "./python-scripts/adler_deduper.py -f /projects/bgmp/jadler2/bioinfo/Bi624/Deduper-adler-sudo/sam-files/C1_PE_uniqAlign.sam -u /projects/bgmp/jadler2/bioinfo/Bi624/Deduper-adler-sudo/STL96.txt -o /projects/bgmp/jadler2/bioinfo/Bi624/Deduper-adler-sudo/sam-files/C1_PE_uniqAlign_deduped.sam -p"
	User time (seconds): 682.71
	System time (seconds): 13.07
	Percent of CPU this job got: 99%
	Elapsed (wall clock) time (h:mm:ss or m:ss): 11:38.02
	Average shared text size (kbytes): 0
	Average unshared data size (kbytes): 0
	Average stack size (kbytes): 0
	Average total size (kbytes): 0
	Maximum resident set size (kbytes): 4434560
	Average resident set size (kbytes): 0
	Major (requiring I/O) page faults: 0
	Minor (reclaiming a frame) page faults: 5886091
	Voluntary context switches: 3962
	Involuntary context switches: 2296
	Swaps: 0
	File system inputs: 0
	File system outputs: 0
	Socket messages sent: 0
	Socket messages received: 0
	Signals delivered: 0
	Page size (bytes): 4096
	Exit status: 0
