[bam_sort_core] merging from 6 files and 1 in-memory blocks...
	Command being timed: "samtools sort -O sam -T sample.sort -o sam-files/C1_SE_uniqAlign.sam sam-files/C1_SE_uniqAlign.sam"
	User time (seconds): 36.74
	System time (seconds): 2.08
	Percent of CPU this job got: 97%
	Elapsed (wall clock) time (h:mm:ss or m:ss): 0:39.77
	Average shared text size (kbytes): 0
	Average unshared data size (kbytes): 0
	Average stack size (kbytes): 0
	Average total size (kbytes): 0
	Maximum resident set size (kbytes): 933500
	Average resident set size (kbytes): 0
	Major (requiring I/O) page faults: 0
	Minor (reclaiming a frame) page faults: 40039
	Voluntary context switches: 2943
	Involuntary context switches: 252
	Swaps: 0
	File system inputs: 0
	File system outputs: 0
	Socket messages sent: 0
	Socket messages received: 0
	Signals delivered: 0
	Page size (bytes): 4096
	Exit status: 0
