[bam_sort_core] merging from 12 files and 1 in-memory blocks...
	Command being timed: "samtools sort -O sam -T sample.sort -o sam-files/C1_PE_uniqAlign.sam sam-files/C1_PE_uniqAlign.sam"
	User time (seconds): 90.53
	System time (seconds): 4.43
	Percent of CPU this job got: 98%
	Elapsed (wall clock) time (h:mm:ss or m:ss): 1:36.62
	Average shared text size (kbytes): 0
	Average unshared data size (kbytes): 0
	Average stack size (kbytes): 0
	Average total size (kbytes): 0
	Maximum resident set size (kbytes): 928756
	Average resident set size (kbytes): 0
	Major (requiring I/O) page faults: 0
	Minor (reclaiming a frame) page faults: 87872
	Voluntary context switches: 6627
	Involuntary context switches: 208
	Swaps: 0
	File system inputs: 0
	File system outputs: 0
	Socket messages sent: 0
	Socket messages received: 0
	Signals delivered: 0
	Page size (bytes): 4096
	Exit status: 0
